<?xml version="1.0" encoding="UTF-8"?>
<!-- Generated by org.testng.reporters.JUnitReportReporter -->
<testsuite skipped="0" hostname="DESKTOP-6U2ELF0" name="third.testNG.NewTest2" tests="2" failures="0" timestamp="2021-12-16T17:37:57 IST" time="51.141" errors="0">
  <testcase name="loginApplication" time="27.119" classname="third.testNG.NewTest2"/>
  <system-out/>
  <testcase name="selectItems" time="24.022" classname="third.testNG.NewTest2"/>
  <system-out/>
</testsuite> <!-- third.testNG.NewTest2 -->
