<?xml version="1.0" encoding="UTF-8"?>
<!-- Generated by org.testng.reporters.JUnitReportReporter -->
<testsuite skipped="0" hostname="DESKTOP-6U2ELF0" name="second.testNG.NewTest1" tests="2" failures="0" timestamp="2021-12-16T17:37:57 IST" time="48.659" errors="0">
  <testcase name="loginApplication" time="24.570" classname="second.testNG.NewTest1"/>
  <system-out/>
  <testcase name="selectItems" time="24.089" classname="second.testNG.NewTest1"/>
  <system-out/>
</testsuite> <!-- second.testNG.NewTest1 -->
